TN:
SF:/Users/Yeechne/Desktop/LHL/interview-scheduler/scheduler/src/components/Application.js
FN:16,Application
FN:27,(anonymous_1)
FNF:2
FNH:2
FNDA:13,Application
FNDA:16,(anonymous_1)
DA:22,13
DA:24,13
DA:26,13
DA:28,16
DA:41,13
LF:5
LH:5
BRF:0
BRH:0
end_of_record
TN:
SF:/Users/Yeechne/Desktop/LHL/interview-scheduler/scheduler/src/components/Button.js
FN:7,Button
FNF:1
FNH:1
FNDA:37,Button
DA:8,37
DA:13,37
LF:2
LH:2
BRF:0
BRH:0
end_of_record
TN:
SF:/Users/Yeechne/Desktop/LHL/interview-scheduler/scheduler/src/components/DayList.js
FN:5,DayList
FN:6,(anonymous_1)
FNF:2
FNH:2
FNDA:13,DayList
FNDA:16,(anonymous_1)
DA:6,13
DA:7,16
DA:18,13
LF:3
LH:3
BRF:0
BRH:0
end_of_record
TN:
SF:/Users/Yeechne/Desktop/LHL/interview-scheduler/scheduler/src/components/DayListItem.js
FN:6,formatSpots
FN:13,DayListItem
FN:22,(anonymous_2)
FNF:3
FNH:3
FNDA:17,formatSpots
FNDA:17,DayListItem
FNDA:1,(anonymous_2)
DA:7,17
DA:8,16
DA:10,2
DA:14,17
DA:19,17
DA:22,1
LF:6
LH:6
BRDA:7,0,0,1
BRDA:7,0,1,16
BRDA:8,1,0,14
BRDA:8,1,1,2
BRF:4
BRH:4
end_of_record
TN:
SF:/Users/Yeechne/Desktop/LHL/interview-scheduler/scheduler/src/components/InterviewerList.js
FN:8,InterviewerList
FN:9,(anonymous_1)
FN:17,(anonymous_2)
FNF:3
FNH:3
FNDA:17,InterviewerList
FNDA:20,(anonymous_1)
FNDA:1,(anonymous_2)
DA:9,17
DA:10,20
DA:17,1
DA:22,17
DA:30,3
LF:5
LH:5
BRF:0
BRH:0
end_of_record
TN:
SF:/Users/Yeechne/Desktop/LHL/interview-scheduler/scheduler/src/components/InterviewerListItem.js
FN:6,InterviewerItem
FNF:1
FNH:1
FNDA:20,InterviewerItem
DA:7,20
DA:11,20
LF:2
LH:2
BRDA:18,0,0,20
BRDA:18,0,1,5
BRF:2
BRH:2
end_of_record
TN:
SF:/Users/Yeechne/Desktop/LHL/interview-scheduler/scheduler/src/components/Appointment/Confirm.js
FN:5,Confirm
FNF:1
FNH:1
FNDA:1,Confirm
DA:6,1
LF:1
LH:1
BRF:0
BRH:0
end_of_record
TN:
SF:/Users/Yeechne/Desktop/LHL/interview-scheduler/scheduler/src/components/Appointment/Empty.js
FN:3,Empty
FNF:1
FNH:1
FNDA:21,Empty
DA:4,21
LF:1
LH:1
BRF:0
BRH:0
end_of_record
TN:
SF:/Users/Yeechne/Desktop/LHL/interview-scheduler/scheduler/src/components/Appointment/Error.js
FN:3,Error
FNF:1
FNH:0
FNDA:0,Error
DA:4,0
LF:1
LH:0
BRF:0
BRH:0
end_of_record
TN:
SF:/Users/Yeechne/Desktop/LHL/interview-scheduler/scheduler/src/components/Appointment/Form.js
FN:6,Form
FN:11,reset
FN:17,cancel
FN:22,validate
FN:40,(anonymous_4)
FN:47,(anonymous_5)
FNF:6
FNH:5
FNDA:17,Form
FNDA:1,reset
FNDA:1,cancel
FNDA:6,validate
FNDA:0,(anonymous_4)
FNDA:3,(anonymous_5)
DA:7,17
DA:8,17
DA:9,17
DA:12,1
DA:13,1
DA:14,1
DA:18,1
DA:19,1
DA:23,6
DA:24,2
DA:25,2
DA:28,4
DA:29,2
DA:30,2
DA:33,2
DA:34,2
DA:37,17
DA:40,0
DA:48,3
LF:19
LH:18
BRDA:7,0,0,17
BRDA:7,0,1,10
BRDA:8,1,0,17
BRDA:8,1,1,13
BRDA:23,2,0,2
BRDA:23,2,1,4
BRDA:28,3,0,2
BRDA:28,3,1,2
BRF:8
BRH:8
end_of_record
TN:
SF:/Users/Yeechne/Desktop/LHL/interview-scheduler/scheduler/src/components/Appointment/Header.js
FN:3,Header
FNF:1
FNH:1
FNDA:35,Header
DA:4,35
LF:1
LH:1
BRF:0
BRH:0
end_of_record
TN:
SF:/Users/Yeechne/Desktop/LHL/interview-scheduler/scheduler/src/components/Appointment/Show.js
FN:3,Show
FNF:1
FNH:1
FNDA:8,Show
DA:4,8
LF:1
LH:1
BRDA:11,0,0,8
BRDA:11,0,1,8
BRF:2
BRH:2
end_of_record
TN:
SF:/Users/Yeechne/Desktop/LHL/interview-scheduler/scheduler/src/components/Appointment/Status.js
FN:3,Status
FNF:1
FNH:1
FNDA:4,Status
DA:4,4
LF:1
LH:1
BRF:0
BRH:0
end_of_record
TN:
SF:/Users/Yeechne/Desktop/LHL/interview-scheduler/scheduler/src/components/Appointment/index.js
FN:15,Appointment
FN:32,save
FN:42,(anonymous_2)
FN:43,(anonymous_3)
FN:46,destroy
FN:50,(anonymous_5)
FN:51,(anonymous_6)
FN:58,(anonymous_7)
FN:63,(anonymous_8)
FN:64,(anonymous_9)
FNF:10
FNH:7
FNDA:35,Appointment
FNDA:1,save
FNDA:1,(anonymous_2)
FNDA:0,(anonymous_3)
FNDA:1,destroy
FNDA:1,(anonymous_5)
FNDA:0,(anonymous_6)
FNDA:1,(anonymous_7)
FNDA:1,(anonymous_8)
FNDA:0,(anonymous_9)
DA:16,35
DA:18,35
DA:19,35
DA:20,35
DA:21,35
DA:22,35
DA:23,35
DA:24,35
DA:25,35
DA:26,35
DA:28,35
DA:33,1
DA:38,1
DA:40,1
DA:42,1
DA:43,0
DA:47,1
DA:48,1
DA:50,1
DA:51,0
DA:54,35
DA:58,1
DA:63,1
DA:64,0
LF:24
LH:21
BRDA:29,0,0,11
BRDA:29,0,1,24
BRDA:58,1,0,35
BRDA:58,1,1,21
BRDA:59,2,0,35
BRDA:59,2,1,8
BRDA:67,3,0,35
BRDA:67,3,1,1
BRDA:70,4,0,35
BRDA:70,4,1,0
BRDA:79,5,0,35
BRDA:79,5,1,2
BRDA:80,6,0,35
BRDA:80,6,1,2
BRDA:81,7,0,35
BRDA:81,7,1,1
BRDA:88,8,0,35
BRDA:88,8,1,0
BRDA:91,9,0,35
BRDA:91,9,1,0
BRF:20
BRH:17
end_of_record
TN:
SF:/Users/Yeechne/Desktop/LHL/interview-scheduler/scheduler/src/helpers/selectors.js
FN:1,getAppointmentsForDay
FN:2,(anonymous_1)
FN:6,(anonymous_2)
FN:9,getInterviewersForDay
FN:10,(anonymous_4)
FN:14,(anonymous_5)
FN:17,getInterview
FNF:7
FNH:7
FNDA:18,getAppointmentsForDay
FNDA:15,(anonymous_1)
FNDA:24,(anonymous_2)
FNDA:18,getInterviewersForDay
FNDA:15,(anonymous_4)
FNDA:22,(anonymous_5)
FNDA:18,getInterview
DA:2,18
DA:4,18
DA:6,24
DA:10,18
DA:12,18
DA:14,22
DA:18,18
LF:7
LH:7
BRDA:4,0,0,7
BRDA:4,0,1,11
BRDA:4,1,0,18
BRDA:4,1,1,12
BRDA:12,2,0,7
BRDA:12,2,1,11
BRDA:12,3,0,18
BRDA:12,3,1,12
BRDA:19,4,0,18
BRDA:19,4,1,9
BRF:10
BRH:10
end_of_record
TN:
SF:/Users/Yeechne/Desktop/LHL/interview-scheduler/scheduler/src/hooks/useApplicationData.js
FN:13,useApplicationData
FN:21,(anonymous_1)
FN:23,(anonymous_2)
FN:29,(anonymous_3)
FN:41,bookInterview
FN:42,(anonymous_5)
FN:51,cancelInterview
FN:52,(anonymous_7)
FNF:8
FNH:8
FNDA:13,useApplicationData
FNDA:1,(anonymous_1)
FNDA:5,(anonymous_2)
FNDA:5,(anonymous_3)
FNDA:1,bookInterview
FNDA:1,(anonymous_5)
FNDA:1,cancelInterview
FNDA:1,(anonymous_7)
DA:14,13
DA:21,13
DA:23,13
DA:24,5
DA:30,5
DA:39,13
DA:42,1
DA:43,1
DA:52,1
DA:53,1
DA:61,13
LF:11
LH:11
BRF:0
BRH:0
end_of_record
TN:
SF:/Users/Yeechne/Desktop/LHL/interview-scheduler/scheduler/src/hooks/useRealtimeUpdate.js
FN:4,useRealtimeUpdate
FN:5,(anonymous_1)
FN:8,(anonymous_2)
FN:16,(anonymous_3)
FNF:4
FNH:3
FNDA:13,useRealtimeUpdate
FNDA:5,(anonymous_1)
FNDA:0,(anonymous_2)
FNDA:5,(anonymous_3)
DA:5,13
DA:6,5
DA:8,5
DA:9,0
DA:11,0
DA:12,0
DA:16,5
DA:17,5
LF:8
LH:5
BRDA:11,0,0,0
BRDA:11,0,1,0
BRDA:11,1,0,0
BRDA:11,1,1,0
BRF:4
BRH:0
end_of_record
TN:
SF:/Users/Yeechne/Desktop/LHL/interview-scheduler/scheduler/src/hooks/useVisualMode.js
FN:3,useVisualMode
FN:7,transition
FN:10,(anonymous_2)
FN:13,back
FN:15,(anonymous_4)
FNF:5
FNH:5
FNDA:49,useVisualMode
FNDA:11,transition
FNDA:11,(anonymous_2)
FNDA:4,back
FNDA:4,(anonymous_4)
DA:4,49
DA:10,11
DA:15,4
DA:19,49
LF:4
LH:4
BRDA:7,0,0,9
BRDA:10,1,0,2
BRDA:10,1,1,9
BRDA:15,2,0,1
BRDA:15,2,1,3
BRF:5
BRH:5
end_of_record
TN:
SF:/Users/Yeechne/Desktop/LHL/interview-scheduler/scheduler/src/reducers/application.js
FN:5,reducer
FN:27,(anonymous_1)
FN:30,(anonymous_2)
FN:34,(anonymous_3)
FNF:4
FNH:4
FNDA:9,reducer
FNDA:2,(anonymous_1)
FNDA:4,(anonymous_2)
FNDA:4,(anonymous_3)
DA:1,3
DA:2,3
DA:3,3
DA:6,9
DA:8,1
DA:10,5
DA:17,2
DA:22,2
DA:27,2
DA:28,2
DA:30,4
DA:34,2
DA:35,4
DA:43,2
DA:50,1
LF:15
LH:15
BRDA:6,0,0,1
BRDA:6,0,1,5
BRDA:6,0,2,2
BRDA:6,0,3,1
BRDA:19,1,0,2
BRDA:19,1,1,1
BRDA:30,2,0,2
BRDA:30,2,1,2
BRDA:35,3,0,2
BRDA:35,3,1,2
BRF:10
BRH:10
end_of_record
